2020-10-07 21:36:39 - INFO - Write your usser name and Server Address, then Click to connect...
2020-10-07 21:36:39 - INFO - Client Application has started
2020-10-07 21:36:45 - INFO - Connecting to server...
2020-10-07 21:36:47 - INFO - Connected to server http://localhost:5000 with user bob session id:f45bb0c4093349fe88dd65d56fd71469
2020-10-07 21:37:17 - INFO - alice wants to start chat session with bob... 
2020-10-07 21:37:26 - INFO - Linking messaging...
2020-10-07 21:37:26 - INFO - Creating Shared Key...
2020-10-07 21:37:26 - INFO - Shared Key Created!
2020-10-07 21:37:28 - INFO - Creating Full key with shared key 106312...
2020-10-07 21:37:28 - INFO - Full key created! b'\xf7l(\xba\xf8\xe4\xae$qY\x88\x15=\x12\x9a\xcc\xa5\xf3\x03\x9b\xc56\xb7\x10\xd5\x17;\xb2\x05;\x956', connection established
2020-10-07 21:38:14 - INFO - Decrypting message...
2020-10-07 21:38:14 - INFO - Message decrypted!
2020-10-07 21:38:14 - INFO - Generating new private key...
2020-10-07 21:38:14 - INFO - Creating Shared Key...
2020-10-07 21:38:14 - INFO - Shared Key Created! 62720 - 126998
2020-10-07 21:38:20 - INFO - Creating Full key with shared key 80947...
2020-10-07 21:38:21 - INFO - Full key created! b'7\xb3\xfc\xbd;\xb0\xb9\xa2Qe\x82\x02L\xaa\xa8oV\x82\xe8I\x15\x05\xfaT\xf7\x00J\xb8\xe1\x13\x01}', connection established
2020-10-07 21:39:02 - INFO - Decrypting message...
2020-10-07 21:39:02 - INFO - Message decrypted!
2020-10-07 21:39:02 - INFO - Generating new private key...
2020-10-07 21:39:03 - INFO - Creating Shared Key...
2020-10-07 21:39:03 - INFO - Shared Key Created! 16145 - 38691
2020-10-07 21:39:09 - INFO - Creating Full key with shared key 122565...
2020-10-07 21:39:09 - INFO - Full key created! b'\x08\x86\x83\xf7h\xb1I\xa2\xc0L\x81G\xf9\xbe\xaa\xb9\xa4\xd8\xd0!\x9d\xcd}+=v\x04\xce\xa4^\xc1\xcc', connection established
2020-10-07 21:39:17 - INFO - Encrypting message...
2020-10-07 21:39:17 - INFO - Sending Encrypted  message...b'cDs097H05mkYho16blirnOL1dIeTCufInaw+vl+ALza06D6w/m457Uw3jJVhW5S41Nm6/YJMw934H931fCXpEHqSqkDYvB/cThMJpGsgrqo='
2020-10-07 21:39:23 - INFO - Generating next shared key
2020-10-07 21:39:23 - INFO - Generating new private key...
2020-10-07 21:39:23 - INFO - Creating Shared Key...
2020-10-07 21:39:23 - INFO - Shared Key Created! 57573 - 152727
2020-10-07 21:39:25 - INFO - Creating Full key with shared key 194235...
2020-10-07 21:39:25 - INFO - Full key created! b'\xf8\xc6\x0c\xd7\xdbI\xa0\x10#Y\xbb\xeb8\xcc\xb6\xc4\'\xb0rwe1)\x05\xabyKY\x02v\n"', connection established
2020-10-07 21:39:29 - INFO - Encrypting message...
2020-10-07 21:39:29 - INFO - Sending Encrypted  message...b'Z9/kSYL1QRQYeV1XAZIvh0V/1VoNy02DE/nBrD6PoU3JKlPcI8aqJBsPznoZ6EsSadX3qV2BV+7tuHkin+xYIl1oH7083/wsLVEXbZwJeyE='
2020-10-07 21:39:35 - INFO - Generating next shared key
2020-10-07 21:39:35 - INFO - Generating new private key...
2020-10-07 21:39:35 - INFO - Creating Shared Key...
2020-10-07 21:39:35 - INFO - Shared Key Created! 58280 - 48448
2020-10-07 21:39:37 - INFO - Creating Full key with shared key 228280...
2020-10-07 21:39:37 - INFO - Full key created! b"\x00\xf9\x01r\xa6\x85^}>\xbf\x86\x9f\xd4\x9b\xc3\x8dud'\x81\xa17\xb9\x84\xddJ\x9b\xdb:\x89Z;", connection established
2020-10-07 21:39:54 - INFO - Decrypting message...
2020-10-07 21:39:54 - INFO - Message decrypted!
2020-10-07 21:39:54 - INFO - Generating new private key...
2020-10-07 21:39:54 - INFO - Creating Shared Key...
2020-10-07 21:39:54 - INFO - Shared Key Created! 365 - 51066
2020-10-07 21:39:59 - INFO - Encrypting message...
2020-10-07 21:40:00 - INFO - Creating Full key with shared key 12122...
2020-10-07 21:40:00 - INFO - Full key created! b'\xf0\x95w\xa5Ut\x0e4N\x83\x8ef\xe6\xa3I^\xa4\xdb\xc1\xfc\x84\xc1h\xde\x8a\xbe\xbb\xfe\xee\x8f)\xee', connection established
2020-10-07 21:40:06 - INFO - Encrypting message...
2020-10-07 21:40:06 - INFO - Sending Encrypted  message...b'wVRlw2bEPrCKD+zKJkSEeDAnj9lt7KxJ/s8t4zw1haRt1Tlrki/J0EaCZ9TGEysq'
2020-10-07 21:40:15 - INFO - Disconecting from server...
2020-10-07 21:40:15 - INFO - Disconnected
