2020-10-07 21:36:24 - INFO - Write your usser name and Server Address, then Click to connect...
2020-10-07 21:36:25 - INFO - Client Application has started
2020-10-07 21:36:30 - INFO - Connecting to server...
2020-10-07 21:36:32 - INFO - Connected to server http://localhost:5000 with user alice session id:2588121292fa400b8627dae753438307
2020-10-07 21:37:14 - INFO - Creating public keys...
2020-10-07 21:37:15 - INFO - Public Keys created 236627 - 2
2020-10-07 21:37:15 - INFO - Creating Shared Key...
2020-10-07 21:37:15 - INFO - Shared Key Created!
2020-10-07 21:37:15 - INFO - Sending chat request to user bob...
2020-10-07 21:37:28 - INFO - Creating Full key with shared key 961...
2020-10-07 21:37:28 - INFO - Full key created! b'\xf7l(\xba\xf8\xe4\xae$qY\x88\x15=\x12\x9a\xcc\xa5\xf3\x03\x9b\xc56\xb7\x10\xd5\x17;\xb2\x05;\x956', connection established
2020-10-07 21:38:10 - INFO - Encrypting message...
2020-10-07 21:38:10 - INFO - Sending Encrypted  message...b'cPu/h4a3Tuhjv8iLwqKslBx+pu2AR1E0+pjeXaKbS7Bi4Ts3qf36snQL3OL0RDkJp5AS0N+4MYK6DvSKcfgkyyOJ5olVdqM/6h40+eGN+IA='
2020-10-07 21:38:18 - INFO - Generating next shared key
2020-10-07 21:38:18 - INFO - Generating new private key...
2020-10-07 21:38:18 - INFO - Creating Shared Key...
2020-10-07 21:38:18 - INFO - Shared Key Created! 2766 - 80947
2020-10-07 21:38:20 - INFO - Creating Full key with shared key 126998...
2020-10-07 21:38:21 - INFO - Full key created! b'7\xb3\xfc\xbd;\xb0\xb9\xa2Qe\x82\x02L\xaa\xa8oV\x82\xe8I\x15\x05\xfaT\xf7\x00J\xb8\xe1\x13\x01}', connection established
2020-10-07 21:38:58 - INFO - Encrypting message...
2020-10-07 21:38:58 - INFO - Sending Encrypted  message...b'MHT9qMBuWgBgkufW+jS0mfvVm9o56kgmgw3YfI0QdFpB4NKCQRB1P47+wsy02oxSHiSljImWuXusUGtx9uVkxuTgycniVHZF1Aeht1YQVRfRY8N+BC1xnUv9Lo3J/70+'
2020-10-07 21:39:07 - INFO - Generating next shared key
2020-10-07 21:39:07 - INFO - Generating new private key...
2020-10-07 21:39:07 - INFO - Creating Shared Key...
2020-10-07 21:39:07 - INFO - Shared Key Created! 65432 - 122565
2020-10-07 21:39:09 - INFO - Creating Full key with shared key 38691...
2020-10-07 21:39:09 - INFO - Full key created! b'\x08\x86\x83\xf7h\xb1I\xa2\xc0L\x81G\xf9\xbe\xaa\xb9\xa4\xd8\xd0!\x9d\xcd}+=v\x04\xce\xa4^\xc1\xcc', connection established
2020-10-07 21:39:21 - INFO - Decrypting message...
2020-10-07 21:39:21 - INFO - Message decrypted!
2020-10-07 21:39:21 - INFO - Generating new private key...
2020-10-07 21:39:21 - INFO - Creating Shared Key...
2020-10-07 21:39:21 - INFO - Shared Key Created! 50796 - 194235
2020-10-07 21:39:25 - INFO - Creating Full key with shared key 152727...
2020-10-07 21:39:25 - INFO - Full key created! b'\xf8\xc6\x0c\xd7\xdbI\xa0\x10#Y\xbb\xeb8\xcc\xb6\xc4\'\xb0rwe1)\x05\xabyKY\x02v\n"', connection established
2020-10-07 21:39:33 - INFO - Decrypting message...
2020-10-07 21:39:33 - INFO - Message decrypted!
2020-10-07 21:39:33 - INFO - Generating new private key...
2020-10-07 21:39:33 - INFO - Creating Shared Key...
2020-10-07 21:39:33 - INFO - Shared Key Created! 59862 - 228280
2020-10-07 21:39:37 - INFO - Creating Full key with shared key 48448...
2020-10-07 21:39:37 - INFO - Full key created! b"\x00\xf9\x01r\xa6\x85^}>\xbf\x86\x9f\xd4\x9b\xc3\x8dud'\x81\xa17\xb9\x84\xddJ\x9b\xdb:\x89Z;", connection established
2020-10-07 21:39:50 - INFO - Encrypting message...
2020-10-07 21:39:50 - INFO - Sending Encrypted  message...b'06DoQX+X1PwX6aN4R2k++b4BDfzqr6OGbdg9rVbhO8XHH7N7fzKtDPeok62SaQOTvXIusfn7ywRs3+8SehN++NbaBWCzhRcxdJFpal/aN6c='
2020-10-07 21:39:58 - INFO - Generating next shared key
2020-10-07 21:39:58 - INFO - Generating new private key...
2020-10-07 21:39:58 - INFO - Creating Shared Key...
2020-10-07 21:39:58 - INFO - Shared Key Created! 15102 - 12122
2020-10-07 21:40:00 - INFO - Creating Full key with shared key 51066...
2020-10-07 21:40:00 - INFO - Full key created! b'\xf0\x95w\xa5Ut\x0e4N\x83\x8ef\xe6\xa3I^\xa4\xdb\xc1\xfc\x84\xc1h\xde\x8a\xbe\xbb\xfe\xee\x8f)\xee', connection established
2020-10-07 21:40:10 - INFO - Decrypting message...
