2020-10-07 21:36:36 - INFO - User alice has logged in 2588121292fa400b8627dae753438307
2020-10-07 21:36:51 - INFO - User bob has logged in f45bb0c4093349fe88dd65d56fd71469
2020-10-07 21:37:17 - INFO - User: alice wants to start chat with bob...
2020-10-07 21:37:28 - INFO - Handshake for : alice...
2020-10-07 21:37:28 - INFO - Handshake for : bob...
2020-10-07 21:38:14 - INFO - Send Message request, tranmsitting encrypted message: b'cPu/h4a3Tuhjv8iLwqKslBx+pu2AR1E0+pjeXaKbS7Bi4Ts3qf36snQL3OL0RDkJp5AS0N+4MYK6DvSKcfgkyyOJ5olVdqM/6h40+eGN+IA='...
2020-10-07 21:38:16 - INFO - Requesting new key creation...
2020-10-07 21:38:20 - INFO - Handshake for : bob...
2020-10-07 21:38:20 - INFO - Handshake for : alice...
2020-10-07 21:39:02 - INFO - Send Message request, tranmsitting encrypted message: b'MHT9qMBuWgBgkufW+jS0mfvVm9o56kgmgw3YfI0QdFpB4NKCQRB1P47+wsy02oxSHiSljImWuXusUGtx9uVkxuTgycniVHZF1Aeht1YQVRfRY8N+BC1xnUv9Lo3J/70+'...
2020-10-07 21:39:05 - INFO - Requesting new key creation...
2020-10-07 21:39:09 - INFO - Handshake for : bob...
2020-10-07 21:39:09 - INFO - Handshake for : alice...
2020-10-07 21:39:21 - INFO - Send Message request, tranmsitting encrypted message: b'cDs097H05mkYho16blirnOL1dIeTCufInaw+vl+ALza06D6w/m457Uw3jJVhW5S41Nm6/YJMw934H931fCXpEHqSqkDYvB/cThMJpGsgrqo='...
2020-10-07 21:39:23 - INFO - Requesting new key creation...
2020-10-07 21:39:25 - INFO - Handshake for : alice...
2020-10-07 21:39:25 - INFO - Handshake for : bob...
2020-10-07 21:39:33 - INFO - Send Message request, tranmsitting encrypted message: b'Z9/kSYL1QRQYeV1XAZIvh0V/1VoNy02DE/nBrD6PoU3JKlPcI8aqJBsPznoZ6EsSadX3qV2BV+7tuHkin+xYIl1oH7083/wsLVEXbZwJeyE='...
2020-10-07 21:39:35 - INFO - Requesting new key creation...
2020-10-07 21:39:37 - INFO - Handshake for : alice...
2020-10-07 21:39:37 - INFO - Handshake for : bob...
2020-10-07 21:39:54 - INFO - Send Message request, tranmsitting encrypted message: b'06DoQX+X1PwX6aN4R2k++b4BDfzqr6OGbdg9rVbhO8XHH7N7fzKtDPeok62SaQOTvXIusfn7ywRs3+8SehN++NbaBWCzhRcxdJFpal/aN6c='...
2020-10-07 21:39:56 - INFO - Requesting new key creation...
2020-10-07 21:40:00 - INFO - Handshake for : bob...
2020-10-07 21:40:00 - INFO - Handshake for : alice...
2020-10-07 21:40:10 - INFO - Send Message request, tranmsitting encrypted message: b'wVRlw2bEPrCKD+zKJkSEeDAnj9lt7KxJ/s8t4zw1haRt1Tlrki/J0EaCZ9TGEysq'...
2020-10-07 21:40:17 - INFO - User bob has loged out: 
